<?xml version="1.0" encoding="UTF-8"?>
<testng-results ignored="0" total="1" passed="1" failed="0" skipped="0">
  <reporter-output>
  </reporter-output>
  <suite started-at="2020-05-17T13:59:20Z" name="刘正良的自动化测试测试集" finished-at="2020-05-17T13:59:20Z" duration-ms="304">
    <groups>
    </groups>
    <test started-at="2020-05-17T13:59:20Z" name="IIACCOUNT" finished-at="2020-05-17T13:59:20Z" duration-ms="304">
      <class name="com.iiaccout.yiguan.sum">
        <test-method is-config="true" signature="beforeClass()[pri:0, instance:com.iiaccout.yiguan.sum@5ebd56e9]" started-at="2020-05-17T21:59:20Z" name="beforeClass" finished-at="2020-05-17T21:59:20Z" duration-ms="21" status="PASS">
          <reporter-output>
          </reporter-output>
        </test-method> <!-- beforeClass -->
        <test-method signature="TestNgLearn()[pri:0, instance:com.iiaccout.yiguan.sum@5ebd56e9]" started-at="2020-05-17T21:59:20Z" name="TestNgLearn" finished-at="2020-05-17T21:59:20Z" duration-ms="87" status="PASS">
          <reporter-output>
          </reporter-output>
        </test-method> <!-- TestNgLearn -->
        <test-method is-config="true" signature="afterClass()[pri:0, instance:com.iiaccout.yiguan.sum@5ebd56e9]" started-at="2020-05-17T21:59:20Z" name="afterClass" finished-at="2020-05-17T21:59:20Z" duration-ms="1" status="PASS">
          <reporter-output>
          </reporter-output>
        </test-method> <!-- afterClass -->
      </class> <!-- com.iiaccout.yiguan.sum -->
    </test> <!-- IIACCOUNT -->
  </suite> <!-- 刘正良的自动化测试测试集 -->
</testng-results>
